27-Apr-2025 13:33:10.947 INFO [main] org.apache.catalina.startup.VersionLoggerListener.log Server version name:   Apache Tomcat/9.0.104
27-Apr-2025 13:33:10.949 INFO [main] org.apache.catalina.startup.VersionLoggerListener.log Server built:          Apr 4 2025 12:32:55 UTC
27-Apr-2025 13:33:10.949 INFO [main] org.apache.catalina.startup.VersionLoggerListener.log Server version number: 9.0.104.0
27-Apr-2025 13:33:10.949 INFO [main] org.apache.catalina.startup.VersionLoggerListener.log OS Name:               Mac OS X
27-Apr-2025 13:33:10.949 INFO [main] org.apache.catalina.startup.VersionLoggerListener.log OS Version:            15.4.1
27-Apr-2025 13:33:10.949 INFO [main] org.apache.catalina.startup.VersionLoggerListener.log Architecture:          aarch64
27-Apr-2025 13:33:10.949 INFO [main] org.apache.catalina.startup.VersionLoggerListener.log Java Home:             /Library/Java/JavaVirtualMachines/jdk-20.jdk/Contents/Home
27-Apr-2025 13:33:10.949 INFO [main] org.apache.catalina.startup.VersionLoggerListener.log JVM Version:           20.0.2+9-78
27-Apr-2025 13:33:10.949 INFO [main] org.apache.catalina.startup.VersionLoggerListener.log JVM Vendor:            Oracle Corporation
27-Apr-2025 13:33:10.949 INFO [main] org.apache.catalina.startup.VersionLoggerListener.log CATALINA_BASE:         /Users/parshvamehta/prinfo/apache-tomcat-9.0.104
27-Apr-2025 13:33:10.949 INFO [main] org.apache.catalina.startup.VersionLoggerListener.log CATALINA_HOME:         /Users/parshvamehta/prinfo/apache-tomcat-9.0.104
27-Apr-2025 13:33:10.962 INFO [main] org.apache.catalina.startup.VersionLoggerListener.log Command line argument: --add-opens=java.base/java.lang=ALL-UNNAMED
27-Apr-2025 13:33:10.962 INFO [main] org.apache.catalina.startup.VersionLoggerListener.log Command line argument: --add-opens=java.base/java.lang.invoke=ALL-UNNAMED
27-Apr-2025 13:33:10.962 INFO [main] org.apache.catalina.startup.VersionLoggerListener.log Command line argument: --add-opens=java.base/java.lang.reflect=ALL-UNNAMED
27-Apr-2025 13:33:10.962 INFO [main] org.apache.catalina.startup.VersionLoggerListener.log Command line argument: --add-opens=java.base/java.io=ALL-UNNAMED
27-Apr-2025 13:33:10.962 INFO [main] org.apache.catalina.startup.VersionLoggerListener.log Command line argument: --add-opens=java.base/java.util=ALL-UNNAMED
27-Apr-2025 13:33:10.962 INFO [main] org.apache.catalina.startup.VersionLoggerListener.log Command line argument: --add-opens=java.base/java.util.concurrent=ALL-UNNAMED
27-Apr-2025 13:33:10.962 INFO [main] org.apache.catalina.startup.VersionLoggerListener.log Command line argument: --add-opens=java.rmi/sun.rmi.transport=ALL-UNNAMED
27-Apr-2025 13:33:10.962 INFO [main] org.apache.catalina.startup.VersionLoggerListener.log Command line argument: -Djava.util.logging.config.file=/Users/parshvamehta/prinfo/apache-tomcat-9.0.104/conf/logging.properties
27-Apr-2025 13:33:10.963 INFO [main] org.apache.catalina.startup.VersionLoggerListener.log Command line argument: -Djava.util.logging.manager=org.apache.juli.ClassLoaderLogManager
27-Apr-2025 13:33:10.963 INFO [main] org.apache.catalina.startup.VersionLoggerListener.log Command line argument: -Djdk.tls.ephemeralDHKeySize=2048
27-Apr-2025 13:33:10.963 INFO [main] org.apache.catalina.startup.VersionLoggerListener.log Command line argument: -Djava.protocol.handler.pkgs=org.apache.catalina.webresources
27-Apr-2025 13:33:10.963 INFO [main] org.apache.catalina.startup.VersionLoggerListener.log Command line argument: -Dsun.io.useCanonCaches=false
27-Apr-2025 13:33:10.963 INFO [main] org.apache.catalina.startup.VersionLoggerListener.log Command line argument: -Dorg.apache.catalina.security.SecurityListener.UMASK=0027
27-Apr-2025 13:33:10.963 INFO [main] org.apache.catalina.startup.VersionLoggerListener.log Command line argument: -Dignore.endorsed.dirs=
27-Apr-2025 13:33:10.963 INFO [main] org.apache.catalina.startup.VersionLoggerListener.log Command line argument: -Dcatalina.base=/Users/parshvamehta/prinfo/apache-tomcat-9.0.104
27-Apr-2025 13:33:10.963 INFO [main] org.apache.catalina.startup.VersionLoggerListener.log Command line argument: -Dcatalina.home=/Users/parshvamehta/prinfo/apache-tomcat-9.0.104
27-Apr-2025 13:33:10.963 INFO [main] org.apache.catalina.startup.VersionLoggerListener.log Command line argument: -Djava.io.tmpdir=/Users/parshvamehta/prinfo/apache-tomcat-9.0.104/temp
27-Apr-2025 13:33:10.970 INFO [main] org.apache.catalina.core.AprLifecycleListener.lifecycleEvent The Apache Tomcat Native library which allows using OpenSSL was not found on the java.library.path: [/Users/parshvamehta/Library/Java/Extensions:/Library/Java/Extensions:/Network/Library/Java/Extensions:/System/Library/Java/Extensions:/usr/lib/java:.]
27-Apr-2025 13:33:11.153 INFO [main] org.apache.coyote.AbstractProtocol.init Initializing ProtocolHandler ["http-nio-8080"]
27-Apr-2025 13:33:11.169 INFO [main] org.apache.catalina.startup.Catalina.load Server initialization in [314] milliseconds
27-Apr-2025 13:33:11.188 INFO [main] org.apache.catalina.core.StandardService.startInternal Starting service [Catalina]
27-Apr-2025 13:33:11.189 INFO [main] org.apache.catalina.core.StandardEngine.startInternal Starting Servlet engine: [Apache Tomcat/9.0.104]
27-Apr-2025 13:33:11.192 INFO [main] org.apache.catalina.startup.HostConfig.deployDirectory Deploying web application directory [/Users/parshvamehta/prinfo/apache-tomcat-9.0.104/webapps/docs]
27-Apr-2025 13:33:11.328 INFO [main] org.apache.catalina.startup.HostConfig.deployDirectory Deployment of web application directory [/Users/parshvamehta/prinfo/apache-tomcat-9.0.104/webapps/docs] has finished in [136] ms
27-Apr-2025 13:33:11.328 INFO [main] org.apache.catalina.startup.HostConfig.deployDirectory Deploying web application directory [/Users/parshvamehta/prinfo/apache-tomcat-9.0.104/webapps/manager]
27-Apr-2025 13:33:11.347 INFO [main] org.apache.catalina.startup.HostConfig.deployDirectory Deployment of web application directory [/Users/parshvamehta/prinfo/apache-tomcat-9.0.104/webapps/manager] has finished in [19] ms
27-Apr-2025 13:33:11.347 INFO [main] org.apache.catalina.startup.HostConfig.deployDirectory Deploying web application directory [/Users/parshvamehta/prinfo/apache-tomcat-9.0.104/webapps/examples]
27-Apr-2025 13:33:11.467 INFO [main] org.apache.catalina.startup.HostConfig.deployDirectory Deployment of web application directory [/Users/parshvamehta/prinfo/apache-tomcat-9.0.104/webapps/examples] has finished in [120] ms
27-Apr-2025 13:33:11.467 INFO [main] org.apache.catalina.startup.HostConfig.deployDirectory Deploying web application directory [/Users/parshvamehta/prinfo/apache-tomcat-9.0.104/webapps/ROOT]
27-Apr-2025 13:33:11.571 INFO [main] org.apache.jasper.servlet.TldScanner.scanJars At least one JAR was scanned for TLDs yet contained no TLDs. Enable debug logging for this logger for a complete list of JARs that were scanned but no TLDs were found in them. Skipping unneeded JARs during scanning can improve startup time and JSP compilation time.
27-Apr-2025 13:33:11.572 INFO [main] org.apache.catalina.startup.HostConfig.deployDirectory Deployment of web application directory [/Users/parshvamehta/prinfo/apache-tomcat-9.0.104/webapps/ROOT] has finished in [105] ms
27-Apr-2025 13:33:11.572 INFO [main] org.apache.catalina.startup.HostConfig.deployDirectory Deploying web application directory [/Users/parshvamehta/prinfo/apache-tomcat-9.0.104/webapps/host-manager]
27-Apr-2025 13:33:11.581 INFO [main] org.apache.catalina.startup.HostConfig.deployDirectory Deployment of web application directory [/Users/parshvamehta/prinfo/apache-tomcat-9.0.104/webapps/host-manager] has finished in [9] ms
27-Apr-2025 13:33:11.583 INFO [main] org.apache.coyote.AbstractProtocol.start Starting ProtocolHandler ["http-nio-8080"]
27-Apr-2025 13:33:11.590 INFO [main] org.apache.catalina.startup.Catalina.start Server startup in [420] milliseconds
27-Apr-2025 16:11:03.653 INFO [main] org.apache.catalina.core.StandardServer.await A valid shutdown command was received via the shutdown port. Stopping the Server instance.
27-Apr-2025 16:11:03.656 INFO [main] org.apache.coyote.AbstractProtocol.pause Pausing ProtocolHandler ["http-nio-8080"]
27-Apr-2025 16:11:03.658 INFO [main] org.apache.catalina.core.StandardService.stopInternal Stopping service [Catalina]
27-Apr-2025 16:11:03.685 WARNING [main] org.apache.catalina.loader.WebappClassLoaderBase.clearReferencesJdbc The web application [ROOT] registered the JDBC driver [com.mysql.cj.jdbc.Driver] but failed to unregister it when the web application was stopped. To prevent a memory leak, the JDBC Driver has been forcibly unregistered.
27-Apr-2025 16:11:03.686 WARNING [main] org.apache.catalina.loader.WebappClassLoaderBase.clearReferencesThreads The web application [ROOT] appears to have started a thread named [mysql-cj-abandoned-connection-cleanup] but has failed to stop it. This is very likely to create a memory leak. Stack trace of thread:
 java.base/jdk.internal.misc.Unsafe.park(Native Method)
 java.base/java.util.concurrent.locks.LockSupport.parkNanos(LockSupport.java:269)
 java.base/java.util.concurrent.locks.AbstractQueuedSynchronizer$ConditionObject.await(AbstractQueuedSynchronizer.java:1847)
 java.base/java.lang.ref.ReferenceQueue.await(ReferenceQueue.java:71)
 java.base/java.lang.ref.ReferenceQueue.remove0(ReferenceQueue.java:143)
 java.base/java.lang.ref.ReferenceQueue.remove(ReferenceQueue.java:218)
 com.mysql.cj.jdbc.AbandonedConnectionCleanupThread.run(AbandonedConnectionCleanupThread.java:91)
 java.base/java.util.concurrent.ThreadPoolExecutor.runWorker(ThreadPoolExecutor.java:1144)
 java.base/java.util.concurrent.ThreadPoolExecutor$Worker.run(ThreadPoolExecutor.java:642)
 java.base/java.lang.Thread.run(Thread.java:1623)
27-Apr-2025 16:11:03.699 INFO [main] org.apache.coyote.AbstractProtocol.stop Stopping ProtocolHandler ["http-nio-8080"]
27-Apr-2025 16:11:03.709 INFO [main] org.apache.coyote.AbstractProtocol.destroy Destroying ProtocolHandler ["http-nio-8080"]
