15-Apr-2025 20:42:01.773 INFO [main] org.apache.catalina.startup.VersionLoggerListener.log Server version name:   Apache Tomcat/9.0.104
15-Apr-2025 20:42:01.775 INFO [main] org.apache.catalina.startup.VersionLoggerListener.log Server built:          Apr 4 2025 12:32:55 UTC
15-Apr-2025 20:42:01.775 INFO [main] org.apache.catalina.startup.VersionLoggerListener.log Server version number: 9.0.104.0
15-Apr-2025 20:42:01.775 INFO [main] org.apache.catalina.startup.VersionLoggerListener.log OS Name:               Mac OS X
15-Apr-2025 20:42:01.775 INFO [main] org.apache.catalina.startup.VersionLoggerListener.log OS Version:            15.4
15-Apr-2025 20:42:01.775 INFO [main] org.apache.catalina.startup.VersionLoggerListener.log Architecture:          aarch64
15-Apr-2025 20:42:01.775 INFO [main] org.apache.catalina.startup.VersionLoggerListener.log Java Home:             /Library/Java/JavaVirtualMachines/jdk-20.jdk/Contents/Home
15-Apr-2025 20:42:01.775 INFO [main] org.apache.catalina.startup.VersionLoggerListener.log JVM Version:           20.0.2+9-78
15-Apr-2025 20:42:01.775 INFO [main] org.apache.catalina.startup.VersionLoggerListener.log JVM Vendor:            Oracle Corporation
15-Apr-2025 20:42:01.775 INFO [main] org.apache.catalina.startup.VersionLoggerListener.log CATALINA_BASE:         /Users/parshvamehta/prinfo/apache-tomcat-9.0.104
15-Apr-2025 20:42:01.775 INFO [main] org.apache.catalina.startup.VersionLoggerListener.log CATALINA_HOME:         /Users/parshvamehta/prinfo/apache-tomcat-9.0.104
15-Apr-2025 20:42:01.780 INFO [main] org.apache.catalina.startup.VersionLoggerListener.log Command line argument: --add-opens=java.base/java.lang=ALL-UNNAMED
15-Apr-2025 20:42:01.780 INFO [main] org.apache.catalina.startup.VersionLoggerListener.log Command line argument: --add-opens=java.base/java.lang.invoke=ALL-UNNAMED
15-Apr-2025 20:42:01.780 INFO [main] org.apache.catalina.startup.VersionLoggerListener.log Command line argument: --add-opens=java.base/java.lang.reflect=ALL-UNNAMED
15-Apr-2025 20:42:01.780 INFO [main] org.apache.catalina.startup.VersionLoggerListener.log Command line argument: --add-opens=java.base/java.io=ALL-UNNAMED
15-Apr-2025 20:42:01.780 INFO [main] org.apache.catalina.startup.VersionLoggerListener.log Command line argument: --add-opens=java.base/java.util=ALL-UNNAMED
15-Apr-2025 20:42:01.780 INFO [main] org.apache.catalina.startup.VersionLoggerListener.log Command line argument: --add-opens=java.base/java.util.concurrent=ALL-UNNAMED
15-Apr-2025 20:42:01.781 INFO [main] org.apache.catalina.startup.VersionLoggerListener.log Command line argument: --add-opens=java.rmi/sun.rmi.transport=ALL-UNNAMED
15-Apr-2025 20:42:01.781 INFO [main] org.apache.catalina.startup.VersionLoggerListener.log Command line argument: -Djava.util.logging.config.file=/Users/parshvamehta/prinfo/apache-tomcat-9.0.104/conf/logging.properties
15-Apr-2025 20:42:01.781 INFO [main] org.apache.catalina.startup.VersionLoggerListener.log Command line argument: -Djava.util.logging.manager=org.apache.juli.ClassLoaderLogManager
15-Apr-2025 20:42:01.781 INFO [main] org.apache.catalina.startup.VersionLoggerListener.log Command line argument: -Djdk.tls.ephemeralDHKeySize=2048
15-Apr-2025 20:42:01.781 INFO [main] org.apache.catalina.startup.VersionLoggerListener.log Command line argument: -Djava.protocol.handler.pkgs=org.apache.catalina.webresources
15-Apr-2025 20:42:01.781 INFO [main] org.apache.catalina.startup.VersionLoggerListener.log Command line argument: -Dsun.io.useCanonCaches=false
15-Apr-2025 20:42:01.781 INFO [main] org.apache.catalina.startup.VersionLoggerListener.log Command line argument: -Dorg.apache.catalina.security.SecurityListener.UMASK=0027
15-Apr-2025 20:42:01.781 INFO [main] org.apache.catalina.startup.VersionLoggerListener.log Command line argument: -Dignore.endorsed.dirs=
15-Apr-2025 20:42:01.781 INFO [main] org.apache.catalina.startup.VersionLoggerListener.log Command line argument: -Dcatalina.base=/Users/parshvamehta/prinfo/apache-tomcat-9.0.104
15-Apr-2025 20:42:01.781 INFO [main] org.apache.catalina.startup.VersionLoggerListener.log Command line argument: -Dcatalina.home=/Users/parshvamehta/prinfo/apache-tomcat-9.0.104
15-Apr-2025 20:42:01.781 INFO [main] org.apache.catalina.startup.VersionLoggerListener.log Command line argument: -Djava.io.tmpdir=/Users/parshvamehta/prinfo/apache-tomcat-9.0.104/temp
15-Apr-2025 20:42:01.786 INFO [main] org.apache.catalina.core.AprLifecycleListener.lifecycleEvent The Apache Tomcat Native library which allows using OpenSSL was not found on the java.library.path: [/Users/parshvamehta/Library/Java/Extensions:/Library/Java/Extensions:/Network/Library/Java/Extensions:/System/Library/Java/Extensions:/usr/lib/java:.]
15-Apr-2025 20:42:01.952 INFO [main] org.apache.coyote.AbstractProtocol.init Initializing ProtocolHandler ["http-nio-8080"]
15-Apr-2025 20:42:01.966 INFO [main] org.apache.catalina.startup.Catalina.load Server initialization in [267] milliseconds
15-Apr-2025 20:42:01.983 INFO [main] org.apache.catalina.core.StandardService.startInternal Starting service [Catalina]
15-Apr-2025 20:42:01.983 INFO [main] org.apache.catalina.core.StandardEngine.startInternal Starting Servlet engine: [Apache Tomcat/9.0.104]
15-Apr-2025 20:42:01.987 INFO [main] org.apache.catalina.startup.HostConfig.deployDirectory Deploying web application directory [/Users/parshvamehta/prinfo/apache-tomcat-9.0.104/webapps/docs]
15-Apr-2025 20:42:02.098 INFO [main] org.apache.catalina.startup.HostConfig.deployDirectory Deployment of web application directory [/Users/parshvamehta/prinfo/apache-tomcat-9.0.104/webapps/docs] has finished in [111] ms
15-Apr-2025 20:42:02.098 INFO [main] org.apache.catalina.startup.HostConfig.deployDirectory Deploying web application directory [/Users/parshvamehta/prinfo/apache-tomcat-9.0.104/webapps/manager]
15-Apr-2025 20:42:02.114 INFO [main] org.apache.catalina.startup.HostConfig.deployDirectory Deployment of web application directory [/Users/parshvamehta/prinfo/apache-tomcat-9.0.104/webapps/manager] has finished in [15] ms
15-Apr-2025 20:42:02.114 INFO [main] org.apache.catalina.startup.HostConfig.deployDirectory Deploying web application directory [/Users/parshvamehta/prinfo/apache-tomcat-9.0.104/webapps/examples]
15-Apr-2025 20:42:02.209 INFO [main] org.apache.catalina.startup.HostConfig.deployDirectory Deployment of web application directory [/Users/parshvamehta/prinfo/apache-tomcat-9.0.104/webapps/examples] has finished in [95] ms
15-Apr-2025 20:42:02.209 INFO [main] org.apache.catalina.startup.HostConfig.deployDirectory Deploying web application directory [/Users/parshvamehta/prinfo/apache-tomcat-9.0.104/webapps/ROOT]
15-Apr-2025 20:42:02.217 INFO [main] org.apache.catalina.startup.HostConfig.deployDirectory Deployment of web application directory [/Users/parshvamehta/prinfo/apache-tomcat-9.0.104/webapps/ROOT] has finished in [7] ms
15-Apr-2025 20:42:02.217 INFO [main] org.apache.catalina.startup.HostConfig.deployDirectory Deploying web application directory [/Users/parshvamehta/prinfo/apache-tomcat-9.0.104/webapps/host-manager]
15-Apr-2025 20:42:02.225 INFO [main] org.apache.catalina.startup.HostConfig.deployDirectory Deployment of web application directory [/Users/parshvamehta/prinfo/apache-tomcat-9.0.104/webapps/host-manager] has finished in [8] ms
15-Apr-2025 20:42:02.226 INFO [main] org.apache.coyote.AbstractProtocol.start Starting ProtocolHandler ["http-nio-8080"]
15-Apr-2025 20:42:02.240 INFO [main] org.apache.catalina.startup.Catalina.start Server startup in [273] milliseconds
15-Apr-2025 20:58:10.425 INFO [main] org.apache.catalina.core.StandardServer.await A valid shutdown command was received via the shutdown port. Stopping the Server instance.
15-Apr-2025 20:58:10.426 INFO [main] org.apache.coyote.AbstractProtocol.pause Pausing ProtocolHandler ["http-nio-8080"]
15-Apr-2025 20:58:10.434 INFO [main] org.apache.catalina.core.StandardService.stopInternal Stopping service [Catalina]
15-Apr-2025 20:58:10.461 INFO [main] org.apache.coyote.AbstractProtocol.stop Stopping ProtocolHandler ["http-nio-8080"]
15-Apr-2025 20:58:10.471 INFO [main] org.apache.coyote.AbstractProtocol.destroy Destroying ProtocolHandler ["http-nio-8080"]
15-Apr-2025 20:58:10.673 INFO [main] org.apache.catalina.startup.VersionLoggerListener.log Server version name:   Apache Tomcat/9.0.104
15-Apr-2025 20:58:10.675 INFO [main] org.apache.catalina.startup.VersionLoggerListener.log Server built:          Apr 4 2025 12:32:55 UTC
15-Apr-2025 20:58:10.675 INFO [main] org.apache.catalina.startup.VersionLoggerListener.log Server version number: 9.0.104.0
15-Apr-2025 20:58:10.675 INFO [main] org.apache.catalina.startup.VersionLoggerListener.log OS Name:               Mac OS X
15-Apr-2025 20:58:10.675 INFO [main] org.apache.catalina.startup.VersionLoggerListener.log OS Version:            15.4
15-Apr-2025 20:58:10.675 INFO [main] org.apache.catalina.startup.VersionLoggerListener.log Architecture:          aarch64
15-Apr-2025 20:58:10.675 INFO [main] org.apache.catalina.startup.VersionLoggerListener.log Java Home:             /Library/Java/JavaVirtualMachines/jdk-20.jdk/Contents/Home
15-Apr-2025 20:58:10.676 INFO [main] org.apache.catalina.startup.VersionLoggerListener.log JVM Version:           20.0.2+9-78
15-Apr-2025 20:58:10.676 INFO [main] org.apache.catalina.startup.VersionLoggerListener.log JVM Vendor:            Oracle Corporation
15-Apr-2025 20:58:10.676 INFO [main] org.apache.catalina.startup.VersionLoggerListener.log CATALINA_BASE:         /Users/parshvamehta/prinfo/apache-tomcat-9.0.104
15-Apr-2025 20:58:10.676 INFO [main] org.apache.catalina.startup.VersionLoggerListener.log CATALINA_HOME:         /Users/parshvamehta/prinfo/apache-tomcat-9.0.104
15-Apr-2025 20:58:10.683 INFO [main] org.apache.catalina.startup.VersionLoggerListener.log Command line argument: --add-opens=java.base/java.lang=ALL-UNNAMED
15-Apr-2025 20:58:10.683 INFO [main] org.apache.catalina.startup.VersionLoggerListener.log Command line argument: --add-opens=java.base/java.lang.invoke=ALL-UNNAMED
15-Apr-2025 20:58:10.683 INFO [main] org.apache.catalina.startup.VersionLoggerListener.log Command line argument: --add-opens=java.base/java.lang.reflect=ALL-UNNAMED
15-Apr-2025 20:58:10.683 INFO [main] org.apache.catalina.startup.VersionLoggerListener.log Command line argument: --add-opens=java.base/java.io=ALL-UNNAMED
15-Apr-2025 20:58:10.683 INFO [main] org.apache.catalina.startup.VersionLoggerListener.log Command line argument: --add-opens=java.base/java.util=ALL-UNNAMED
15-Apr-2025 20:58:10.683 INFO [main] org.apache.catalina.startup.VersionLoggerListener.log Command line argument: --add-opens=java.base/java.util.concurrent=ALL-UNNAMED
15-Apr-2025 20:58:10.683 INFO [main] org.apache.catalina.startup.VersionLoggerListener.log Command line argument: --add-opens=java.rmi/sun.rmi.transport=ALL-UNNAMED
15-Apr-2025 20:58:10.683 INFO [main] org.apache.catalina.startup.VersionLoggerListener.log Command line argument: -Djava.util.logging.config.file=/Users/parshvamehta/prinfo/apache-tomcat-9.0.104/conf/logging.properties
15-Apr-2025 20:58:10.683 INFO [main] org.apache.catalina.startup.VersionLoggerListener.log Command line argument: -Djava.util.logging.manager=org.apache.juli.ClassLoaderLogManager
15-Apr-2025 20:58:10.683 INFO [main] org.apache.catalina.startup.VersionLoggerListener.log Command line argument: -Djdk.tls.ephemeralDHKeySize=2048
15-Apr-2025 20:58:10.683 INFO [main] org.apache.catalina.startup.VersionLoggerListener.log Command line argument: -Djava.protocol.handler.pkgs=org.apache.catalina.webresources
15-Apr-2025 20:58:10.683 INFO [main] org.apache.catalina.startup.VersionLoggerListener.log Command line argument: -Dsun.io.useCanonCaches=false
15-Apr-2025 20:58:10.683 INFO [main] org.apache.catalina.startup.VersionLoggerListener.log Command line argument: -Dorg.apache.catalina.security.SecurityListener.UMASK=0027
15-Apr-2025 20:58:10.684 INFO [main] org.apache.catalina.startup.VersionLoggerListener.log Command line argument: -Dignore.endorsed.dirs=
15-Apr-2025 20:58:10.684 INFO [main] org.apache.catalina.startup.VersionLoggerListener.log Command line argument: -Dcatalina.base=/Users/parshvamehta/prinfo/apache-tomcat-9.0.104
15-Apr-2025 20:58:10.684 INFO [main] org.apache.catalina.startup.VersionLoggerListener.log Command line argument: -Dcatalina.home=/Users/parshvamehta/prinfo/apache-tomcat-9.0.104
15-Apr-2025 20:58:10.684 INFO [main] org.apache.catalina.startup.VersionLoggerListener.log Command line argument: -Djava.io.tmpdir=/Users/parshvamehta/prinfo/apache-tomcat-9.0.104/temp
15-Apr-2025 20:58:10.689 INFO [main] org.apache.catalina.core.AprLifecycleListener.lifecycleEvent The Apache Tomcat Native library which allows using OpenSSL was not found on the java.library.path: [/Users/parshvamehta/Library/Java/Extensions:/Library/Java/Extensions:/Network/Library/Java/Extensions:/System/Library/Java/Extensions:/usr/lib/java:.]
15-Apr-2025 20:58:10.869 INFO [main] org.apache.coyote.AbstractProtocol.init Initializing ProtocolHandler ["http-nio-8080"]
15-Apr-2025 20:58:10.885 INFO [main] org.apache.catalina.startup.Catalina.load Server initialization in [299] milliseconds
15-Apr-2025 20:58:10.905 INFO [main] org.apache.catalina.core.StandardService.startInternal Starting service [Catalina]
15-Apr-2025 20:58:10.905 INFO [main] org.apache.catalina.core.StandardEngine.startInternal Starting Servlet engine: [Apache Tomcat/9.0.104]
15-Apr-2025 20:58:10.909 INFO [main] org.apache.catalina.startup.HostConfig.deployDirectory Deploying web application directory [/Users/parshvamehta/prinfo/apache-tomcat-9.0.104/webapps/docs]
15-Apr-2025 20:58:11.043 INFO [main] org.apache.catalina.startup.HostConfig.deployDirectory Deployment of web application directory [/Users/parshvamehta/prinfo/apache-tomcat-9.0.104/webapps/docs] has finished in [134] ms
15-Apr-2025 20:58:11.043 INFO [main] org.apache.catalina.startup.HostConfig.deployDirectory Deploying web application directory [/Users/parshvamehta/prinfo/apache-tomcat-9.0.104/webapps/manager]
15-Apr-2025 20:58:11.061 INFO [main] org.apache.catalina.startup.HostConfig.deployDirectory Deployment of web application directory [/Users/parshvamehta/prinfo/apache-tomcat-9.0.104/webapps/manager] has finished in [18] ms
15-Apr-2025 20:58:11.062 INFO [main] org.apache.catalina.startup.HostConfig.deployDirectory Deploying web application directory [/Users/parshvamehta/prinfo/apache-tomcat-9.0.104/webapps/examples]
15-Apr-2025 20:58:11.183 INFO [main] org.apache.catalina.startup.HostConfig.deployDirectory Deployment of web application directory [/Users/parshvamehta/prinfo/apache-tomcat-9.0.104/webapps/examples] has finished in [121] ms
15-Apr-2025 20:58:11.183 INFO [main] org.apache.catalina.startup.HostConfig.deployDirectory Deploying web application directory [/Users/parshvamehta/prinfo/apache-tomcat-9.0.104/webapps/ROOT]
15-Apr-2025 20:58:11.285 INFO [main] org.apache.jasper.servlet.TldScanner.scanJars At least one JAR was scanned for TLDs yet contained no TLDs. Enable debug logging for this logger for a complete list of JARs that were scanned but no TLDs were found in them. Skipping unneeded JARs during scanning can improve startup time and JSP compilation time.
15-Apr-2025 20:58:11.292 INFO [main] org.apache.catalina.startup.HostConfig.deployDirectory Deployment of web application directory [/Users/parshvamehta/prinfo/apache-tomcat-9.0.104/webapps/ROOT] has finished in [109] ms
15-Apr-2025 20:58:11.292 INFO [main] org.apache.catalina.startup.HostConfig.deployDirectory Deploying web application directory [/Users/parshvamehta/prinfo/apache-tomcat-9.0.104/webapps/host-manager]
15-Apr-2025 20:58:11.302 INFO [main] org.apache.catalina.startup.HostConfig.deployDirectory Deployment of web application directory [/Users/parshvamehta/prinfo/apache-tomcat-9.0.104/webapps/host-manager] has finished in [9] ms
15-Apr-2025 20:58:11.304 INFO [main] org.apache.coyote.AbstractProtocol.start Starting ProtocolHandler ["http-nio-8080"]
15-Apr-2025 20:58:11.310 INFO [main] org.apache.catalina.startup.Catalina.start Server startup in [424] milliseconds
