24-Apr-2025 12:17:37.744 INFO [main] org.apache.catalina.core.ApplicationContext.log ContextListener: contextInitialized()
24-Apr-2025 12:17:37.744 INFO [main] org.apache.catalina.core.ApplicationContext.log SessionListener: contextInitialized()
24-Apr-2025 12:17:37.745 INFO [main] org.apache.catalina.core.ApplicationContext.log ContextListener: attributeAdded('StockTicker', 'async.Stockticker@1e044120')
24-Apr-2025 12:39:49.435 INFO [main] org.apache.catalina.core.ApplicationContext.log SessionListener: contextDestroyed()
24-Apr-2025 12:39:49.435 INFO [main] org.apache.catalina.core.ApplicationContext.log ContextListener: contextDestroyed()
24-Apr-2025 17:06:55.884 INFO [main] org.apache.catalina.core.ApplicationContext.log ContextListener: contextInitialized()
24-Apr-2025 17:06:55.884 INFO [main] org.apache.catalina.core.ApplicationContext.log SessionListener: contextInitialized()
24-Apr-2025 17:06:55.886 INFO [main] org.apache.catalina.core.ApplicationContext.log ContextListener: attributeAdded('StockTicker', 'async.Stockticker@5c48c0c0')
24-Apr-2025 17:27:36.921 INFO [main] org.apache.catalina.core.ApplicationContext.log SessionListener: contextDestroyed()
24-Apr-2025 17:27:36.921 INFO [main] org.apache.catalina.core.ApplicationContext.log ContextListener: contextDestroyed()
24-Apr-2025 17:27:37.667 INFO [main] org.apache.catalina.core.ApplicationContext.log ContextListener: contextInitialized()
24-Apr-2025 17:27:37.667 INFO [main] org.apache.catalina.core.ApplicationContext.log SessionListener: contextInitialized()
24-Apr-2025 17:27:37.668 INFO [main] org.apache.catalina.core.ApplicationContext.log ContextListener: attributeAdded('StockTicker', 'async.Stockticker@2cf23c81')
24-Apr-2025 17:32:24.561 SEVERE [http-nio-8080-exec-8] org.apache.catalina.core.StandardWrapperValve.invoke Servlet.service() for servlet [jsp] in context with path [] threw exception [Unable to compile class for JSP: 

An error occurred at line: [34] in the jsp file: [/reserveFlight.jsp]
accountID cannot be resolved to a variable
31: 
32:     <form action="processReservation.jsp" method="post">
33:         <input type="hidden" name="flightID" value="<%= flightID %>">
34:         <input type="hidden" name="accountID" value="<%= accountID %>">
35:         Seat: <input type="text" name="seat" required><br>
36:         Class: 
37:         <select name="class">


Stacktrace:] with root cause
	org.apache.jasper.JasperException: Unable to compile class for JSP: 

An error occurred at line: [34] in the jsp file: [/reserveFlight.jsp]
accountID cannot be resolved to a variable
31: 
32:     <form action="processReservation.jsp" method="post">
33:         <input type="hidden" name="flightID" value="<%= flightID %>">
34:         <input type="hidden" name="accountID" value="<%= accountID %>">
35:         Seat: <input type="text" name="seat" required><br>
36:         Class: 
37:         <select name="class">


Stacktrace:
		at org.apache.jasper.compiler.DefaultErrorHandler.javacError(DefaultErrorHandler.java:72)
		at org.apache.jasper.compiler.ErrorDispatcher.javacError(ErrorDispatcher.java:192)
		at org.apache.jasper.compiler.JDTCompiler.generateClass(JDTCompiler.java:565)
		at org.apache.jasper.compiler.Compiler.compile(Compiler.java:372)
		at org.apache.jasper.compiler.Compiler.compile(Compiler.java:344)
		at org.apache.jasper.compiler.Compiler.compile(Compiler.java:330)
		at org.apache.jasper.JspCompilationContext.compile(JspCompilationContext.java:591)
		at org.apache.jasper.servlet.JspServletWrapper.service(JspServletWrapper.java:379)
		at org.apache.jasper.servlet.JspServlet.serviceJspFile(JspServlet.java:356)
		at org.apache.jasper.servlet.JspServlet.service(JspServlet.java:307)
		at javax.servlet.http.HttpServlet.service(HttpServlet.java:623)
		at org.apache.catalina.core.ApplicationFilterChain.internalDoFilter(ApplicationFilterChain.java:199)
		at org.apache.catalina.core.ApplicationFilterChain.doFilter(ApplicationFilterChain.java:144)
		at org.apache.tomcat.websocket.server.WsFilter.doFilter(WsFilter.java:51)
		at org.apache.catalina.core.ApplicationFilterChain.internalDoFilter(ApplicationFilterChain.java:168)
		at org.apache.catalina.core.ApplicationFilterChain.doFilter(ApplicationFilterChain.java:144)
		at org.apache.catalina.core.StandardWrapperValve.invoke(StandardWrapperValve.java:168)
		at org.apache.catalina.core.StandardContextValve.invoke(StandardContextValve.java:90)
		at org.apache.catalina.authenticator.AuthenticatorBase.invoke(AuthenticatorBase.java:482)
		at org.apache.catalina.core.StandardHostValve.invoke(StandardHostValve.java:130)
		at org.apache.catalina.valves.ErrorReportValve.invoke(ErrorReportValve.java:93)
		at org.apache.catalina.valves.AbstractAccessLogValve.invoke(AbstractAccessLogValve.java:656)
		at org.apache.catalina.core.StandardEngineValve.invoke(StandardEngineValve.java:74)
		at org.apache.catalina.connector.CoyoteAdapter.service(CoyoteAdapter.java:346)
		at org.apache.coyote.http11.Http11Processor.service(Http11Processor.java:397)
		at org.apache.coyote.AbstractProcessorLight.process(AbstractProcessorLight.java:63)
		at org.apache.coyote.AbstractProtocol$ConnectionHandler.process(AbstractProtocol.java:935)
		at org.apache.tomcat.util.net.NioEndpoint$SocketProcessor.doRun(NioEndpoint.java:1792)
		at org.apache.tomcat.util.net.SocketProcessorBase.run(SocketProcessorBase.java:52)
		at org.apache.tomcat.util.threads.ThreadPoolExecutor.runWorker(ThreadPoolExecutor.java:1189)
		at org.apache.tomcat.util.threads.ThreadPoolExecutor$Worker.run(ThreadPoolExecutor.java:658)
		at org.apache.tomcat.util.threads.TaskThread$WrappingRunnable.run(TaskThread.java:63)
		at java.base/java.lang.Thread.run(Thread.java:1623)
24-Apr-2025 17:35:17.432 SEVERE [http-nio-8080-exec-9] org.apache.catalina.core.StandardWrapperValve.invoke Servlet.service() for servlet [jsp] in context with path [] threw exception [Unable to compile class for JSP: 

An error occurred at line: [38] in the jsp file: [/reserveFlight.jsp]
accountID cannot be resolved to a variable
35: 
36:     <form action="processReservation.jsp" method="post">
37:         <input type="hidden" name="flightID" value="<%= flightID %>">
38:         <input type="hidden" name="accountID" value="<%= accountID %>">
39:         Seat: <input type="text" name="seat" required><br>
40:         Class: 
41:         <select name="class">


Stacktrace:] with root cause
	org.apache.jasper.JasperException: Unable to compile class for JSP: 

An error occurred at line: [38] in the jsp file: [/reserveFlight.jsp]
accountID cannot be resolved to a variable
35: 
36:     <form action="processReservation.jsp" method="post">
37:         <input type="hidden" name="flightID" value="<%= flightID %>">
38:         <input type="hidden" name="accountID" value="<%= accountID %>">
39:         Seat: <input type="text" name="seat" required><br>
40:         Class: 
41:         <select name="class">


Stacktrace:
		at org.apache.jasper.compiler.DefaultErrorHandler.javacError(DefaultErrorHandler.java:72)
		at org.apache.jasper.compiler.ErrorDispatcher.javacError(ErrorDispatcher.java:192)
		at org.apache.jasper.compiler.JDTCompiler.generateClass(JDTCompiler.java:565)
		at org.apache.jasper.compiler.Compiler.compile(Compiler.java:372)
		at org.apache.jasper.compiler.Compiler.compile(Compiler.java:344)
		at org.apache.jasper.compiler.Compiler.compile(Compiler.java:330)
		at org.apache.jasper.JspCompilationContext.compile(JspCompilationContext.java:591)
		at org.apache.jasper.servlet.JspServletWrapper.service(JspServletWrapper.java:379)
		at org.apache.jasper.servlet.JspServlet.serviceJspFile(JspServlet.java:356)
		at org.apache.jasper.servlet.JspServlet.service(JspServlet.java:307)
		at javax.servlet.http.HttpServlet.service(HttpServlet.java:623)
		at org.apache.catalina.core.ApplicationFilterChain.internalDoFilter(ApplicationFilterChain.java:199)
		at org.apache.catalina.core.ApplicationFilterChain.doFilter(ApplicationFilterChain.java:144)
		at org.apache.tomcat.websocket.server.WsFilter.doFilter(WsFilter.java:51)
		at org.apache.catalina.core.ApplicationFilterChain.internalDoFilter(ApplicationFilterChain.java:168)
		at org.apache.catalina.core.ApplicationFilterChain.doFilter(ApplicationFilterChain.java:144)
		at org.apache.catalina.core.StandardWrapperValve.invoke(StandardWrapperValve.java:168)
		at org.apache.catalina.core.StandardContextValve.invoke(StandardContextValve.java:90)
		at org.apache.catalina.authenticator.AuthenticatorBase.invoke(AuthenticatorBase.java:482)
		at org.apache.catalina.core.StandardHostValve.invoke(StandardHostValve.java:130)
		at org.apache.catalina.valves.ErrorReportValve.invoke(ErrorReportValve.java:93)
		at org.apache.catalina.valves.AbstractAccessLogValve.invoke(AbstractAccessLogValve.java:656)
		at org.apache.catalina.core.StandardEngineValve.invoke(StandardEngineValve.java:74)
		at org.apache.catalina.connector.CoyoteAdapter.service(CoyoteAdapter.java:346)
		at org.apache.coyote.http11.Http11Processor.service(Http11Processor.java:397)
		at org.apache.coyote.AbstractProcessorLight.process(AbstractProcessorLight.java:63)
		at org.apache.coyote.AbstractProtocol$ConnectionHandler.process(AbstractProtocol.java:935)
		at org.apache.tomcat.util.net.NioEndpoint$SocketProcessor.doRun(NioEndpoint.java:1792)
		at org.apache.tomcat.util.net.SocketProcessorBase.run(SocketProcessorBase.java:52)
		at org.apache.tomcat.util.threads.ThreadPoolExecutor.runWorker(ThreadPoolExecutor.java:1189)
		at org.apache.tomcat.util.threads.ThreadPoolExecutor$Worker.run(ThreadPoolExecutor.java:658)
		at org.apache.tomcat.util.threads.TaskThread$WrappingRunnable.run(TaskThread.java:63)
		at java.base/java.lang.Thread.run(Thread.java:1623)
24-Apr-2025 17:35:23.247 INFO [main] org.apache.catalina.core.ApplicationContext.log SessionListener: contextDestroyed()
24-Apr-2025 17:35:23.247 INFO [main] org.apache.catalina.core.ApplicationContext.log ContextListener: contextDestroyed()
24-Apr-2025 17:35:23.973 INFO [main] org.apache.catalina.core.ApplicationContext.log ContextListener: contextInitialized()
24-Apr-2025 17:35:23.973 INFO [main] org.apache.catalina.core.ApplicationContext.log SessionListener: contextInitialized()
24-Apr-2025 17:35:23.974 INFO [main] org.apache.catalina.core.ApplicationContext.log ContextListener: attributeAdded('StockTicker', 'async.Stockticker@2cf23c81')
24-Apr-2025 17:35:44.476 SEVERE [http-nio-8080-exec-2] org.apache.catalina.core.StandardWrapperValve.invoke Servlet.service() for servlet [jsp] in context with path [] threw exception [Unable to compile class for JSP: 

An error occurred at line: [38] in the jsp file: [/reserveFlight.jsp]
accountID cannot be resolved to a variable
35: 
36:     <form action="processReservation.jsp" method="post">
37:         <input type="hidden" name="flightID" value="<%= flightID %>">
38:         <input type="hidden" name="accountID" value="<%= accountID %>">
39:         Seat: <input type="text" name="seat" required><br>
40:         Class: 
41:         <select name="class">


Stacktrace:] with root cause
	org.apache.jasper.JasperException: Unable to compile class for JSP: 

An error occurred at line: [38] in the jsp file: [/reserveFlight.jsp]
accountID cannot be resolved to a variable
35: 
36:     <form action="processReservation.jsp" method="post">
37:         <input type="hidden" name="flightID" value="<%= flightID %>">
38:         <input type="hidden" name="accountID" value="<%= accountID %>">
39:         Seat: <input type="text" name="seat" required><br>
40:         Class: 
41:         <select name="class">


Stacktrace:
		at org.apache.jasper.compiler.DefaultErrorHandler.javacError(DefaultErrorHandler.java:72)
		at org.apache.jasper.compiler.ErrorDispatcher.javacError(ErrorDispatcher.java:192)
		at org.apache.jasper.compiler.JDTCompiler.generateClass(JDTCompiler.java:565)
		at org.apache.jasper.compiler.Compiler.compile(Compiler.java:372)
		at org.apache.jasper.compiler.Compiler.compile(Compiler.java:344)
		at org.apache.jasper.compiler.Compiler.compile(Compiler.java:330)
		at org.apache.jasper.JspCompilationContext.compile(JspCompilationContext.java:591)
		at org.apache.jasper.servlet.JspServletWrapper.service(JspServletWrapper.java:379)
		at org.apache.jasper.servlet.JspServlet.serviceJspFile(JspServlet.java:356)
		at org.apache.jasper.servlet.JspServlet.service(JspServlet.java:307)
		at javax.servlet.http.HttpServlet.service(HttpServlet.java:623)
		at org.apache.catalina.core.ApplicationFilterChain.internalDoFilter(ApplicationFilterChain.java:199)
		at org.apache.catalina.core.ApplicationFilterChain.doFilter(ApplicationFilterChain.java:144)
		at org.apache.tomcat.websocket.server.WsFilter.doFilter(WsFilter.java:51)
		at org.apache.catalina.core.ApplicationFilterChain.internalDoFilter(ApplicationFilterChain.java:168)
		at org.apache.catalina.core.ApplicationFilterChain.doFilter(ApplicationFilterChain.java:144)
		at org.apache.catalina.core.StandardWrapperValve.invoke(StandardWrapperValve.java:168)
		at org.apache.catalina.core.StandardContextValve.invoke(StandardContextValve.java:90)
		at org.apache.catalina.authenticator.AuthenticatorBase.invoke(AuthenticatorBase.java:482)
		at org.apache.catalina.core.StandardHostValve.invoke(StandardHostValve.java:130)
		at org.apache.catalina.valves.ErrorReportValve.invoke(ErrorReportValve.java:93)
		at org.apache.catalina.valves.AbstractAccessLogValve.invoke(AbstractAccessLogValve.java:656)
		at org.apache.catalina.core.StandardEngineValve.invoke(StandardEngineValve.java:74)
		at org.apache.catalina.connector.CoyoteAdapter.service(CoyoteAdapter.java:346)
		at org.apache.coyote.http11.Http11Processor.service(Http11Processor.java:397)
		at org.apache.coyote.AbstractProcessorLight.process(AbstractProcessorLight.java:63)
		at org.apache.coyote.AbstractProtocol$ConnectionHandler.process(AbstractProtocol.java:935)
		at org.apache.tomcat.util.net.NioEndpoint$SocketProcessor.doRun(NioEndpoint.java:1792)
		at org.apache.tomcat.util.net.SocketProcessorBase.run(SocketProcessorBase.java:52)
		at org.apache.tomcat.util.threads.ThreadPoolExecutor.runWorker(ThreadPoolExecutor.java:1189)
		at org.apache.tomcat.util.threads.ThreadPoolExecutor$Worker.run(ThreadPoolExecutor.java:658)
		at org.apache.tomcat.util.threads.TaskThread$WrappingRunnable.run(TaskThread.java:63)
		at java.base/java.lang.Thread.run(Thread.java:1623)
24-Apr-2025 18:21:19.975 SEVERE [http-nio-8080-exec-9] org.apache.catalina.core.StandardWrapperValve.invoke Servlet.service() for servlet [jsp] in context with path [] threw exception [Unable to compile class for JSP: 

An error occurred at line: [14] in the jsp file: [/myReservations.jsp]
rs cannot be resolved
11:         <th>Cancel</th>
12:     </tr>
13:     <%
14:         while(rs.next()) {
15:     %>
16:     <tr>
17:         <td><%= rs.getString("flightNum") %></td>


An error occurred at line: [17] in the jsp file: [/myReservations.jsp]
rs cannot be resolved
14:         while(rs.next()) {
15:     %>
16:     <tr>
17:         <td><%= rs.getString("flightNum") %></td>
18:         <td><%= rs.getString("airline") %></td>
19:         <td><%= rs.getTime("departure") %></td>
20:         <td><%= rs.getTime("arrival") %></td>


An error occurred at line: [18] in the jsp file: [/myReservations.jsp]
rs cannot be resolved
15:     %>
16:     <tr>
17:         <td><%= rs.getString("flightNum") %></td>
18:         <td><%= rs.getString("airline") %></td>
19:         <td><%= rs.getTime("departure") %></td>
20:         <td><%= rs.getTime("arrival") %></td>
21:         <td><%= rs.getString("seat") %></td>


An error occurred at line: [19] in the jsp file: [/myReservations.jsp]
rs cannot be resolved
16:     <tr>
17:         <td><%= rs.getString("flightNum") %></td>
18:         <td><%= rs.getString("airline") %></td>
19:         <td><%= rs.getTime("departure") %></td>
20:         <td><%= rs.getTime("arrival") %></td>
21:         <td><%= rs.getString("seat") %></td>
22:         <td><%= rs.getString("class") %></td>


An error occurred at line: [20] in the jsp file: [/myReservations.jsp]
rs cannot be resolved
17:         <td><%= rs.getString("flightNum") %></td>
18:         <td><%= rs.getString("airline") %></td>
19:         <td><%= rs.getTime("departure") %></td>
20:         <td><%= rs.getTime("arrival") %></td>
21:         <td><%= rs.getString("seat") %></td>
22:         <td><%= rs.getString("class") %></td>
23:         <td>$<%= rs.getFloat("totalFare") %></td>


An error occurred at line: [21] in the jsp file: [/myReservations.jsp]
rs cannot be resolved
18:         <td><%= rs.getString("airline") %></td>
19:         <td><%= rs.getTime("departure") %></td>
20:         <td><%= rs.getTime("arrival") %></td>
21:         <td><%= rs.getString("seat") %></td>
22:         <td><%= rs.getString("class") %></td>
23:         <td>$<%= rs.getFloat("totalFare") %></td>
24:         <td>


An error occurred at line: [22] in the jsp file: [/myReservations.jsp]
rs cannot be resolved
19:         <td><%= rs.getTime("departure") %></td>
20:         <td><%= rs.getTime("arrival") %></td>
21:         <td><%= rs.getString("seat") %></td>
22:         <td><%= rs.getString("class") %></td>
23:         <td>$<%= rs.getFloat("totalFare") %></td>
24:         <td>
25:             <% if(rs.getString("class").equals("Business") || rs.getString("class").equals("First")) { %>


An error occurred at line: [23] in the jsp file: [/myReservations.jsp]
rs cannot be resolved
20:         <td><%= rs.getTime("arrival") %></td>
21:         <td><%= rs.getString("seat") %></td>
22:         <td><%= rs.getString("class") %></td>
23:         <td>$<%= rs.getFloat("totalFare") %></td>
24:         <td>
25:             <% if(rs.getString("class").equals("Business") || rs.getString("class").equals("First")) { %>
26:                 <a href="cancelReservation.jsp?ticketNum=<%= rs.getInt("ticketNum") %>">Cancel</a>


An error occurred at line: [25] in the jsp file: [/myReservations.jsp]
rs cannot be resolved
22:         <td><%= rs.getString("class") %></td>
23:         <td>$<%= rs.getFloat("totalFare") %></td>
24:         <td>
25:             <% if(rs.getString("class").equals("Business") || rs.getString("class").equals("First")) { %>
26:                 <a href="cancelReservation.jsp?ticketNum=<%= rs.getInt("ticketNum") %>">Cancel</a>
27:             <% } else { %>
28:                 Not Allowed


An error occurred at line: [25] in the jsp file: [/myReservations.jsp]
rs cannot be resolved
22:         <td><%= rs.getString("class") %></td>
23:         <td>$<%= rs.getFloat("totalFare") %></td>
24:         <td>
25:             <% if(rs.getString("class").equals("Business") || rs.getString("class").equals("First")) { %>
26:                 <a href="cancelReservation.jsp?ticketNum=<%= rs.getInt("ticketNum") %>">Cancel</a>
27:             <% } else { %>
28:                 Not Allowed


An error occurred at line: [26] in the jsp file: [/myReservations.jsp]
rs cannot be resolved
23:         <td>$<%= rs.getFloat("totalFare") %></td>
24:         <td>
25:             <% if(rs.getString("class").equals("Business") || rs.getString("class").equals("First")) { %>
26:                 <a href="cancelReservation.jsp?ticketNum=<%= rs.getInt("ticketNum") %>">Cancel</a>
27:             <% } else { %>
28:                 Not Allowed
29:             <% } %>


Stacktrace:] with root cause
	org.apache.jasper.JasperException: Unable to compile class for JSP: 

An error occurred at line: [14] in the jsp file: [/myReservations.jsp]
rs cannot be resolved
11:         <th>Cancel</th>
12:     </tr>
13:     <%
14:         while(rs.next()) {
15:     %>
16:     <tr>
17:         <td><%= rs.getString("flightNum") %></td>


An error occurred at line: [17] in the jsp file: [/myReservations.jsp]
rs cannot be resolved
14:         while(rs.next()) {
15:     %>
16:     <tr>
17:         <td><%= rs.getString("flightNum") %></td>
18:         <td><%= rs.getString("airline") %></td>
19:         <td><%= rs.getTime("departure") %></td>
20:         <td><%= rs.getTime("arrival") %></td>


An error occurred at line: [18] in the jsp file: [/myReservations.jsp]
rs cannot be resolved
15:     %>
16:     <tr>
17:         <td><%= rs.getString("flightNum") %></td>
18:         <td><%= rs.getString("airline") %></td>
19:         <td><%= rs.getTime("departure") %></td>
20:         <td><%= rs.getTime("arrival") %></td>
21:         <td><%= rs.getString("seat") %></td>


An error occurred at line: [19] in the jsp file: [/myReservations.jsp]
rs cannot be resolved
16:     <tr>
17:         <td><%= rs.getString("flightNum") %></td>
18:         <td><%= rs.getString("airline") %></td>
19:         <td><%= rs.getTime("departure") %></td>
20:         <td><%= rs.getTime("arrival") %></td>
21:         <td><%= rs.getString("seat") %></td>
22:         <td><%= rs.getString("class") %></td>


An error occurred at line: [20] in the jsp file: [/myReservations.jsp]
rs cannot be resolved
17:         <td><%= rs.getString("flightNum") %></td>
18:         <td><%= rs.getString("airline") %></td>
19:         <td><%= rs.getTime("departure") %></td>
20:         <td><%= rs.getTime("arrival") %></td>
21:         <td><%= rs.getString("seat") %></td>
22:         <td><%= rs.getString("class") %></td>
23:         <td>$<%= rs.getFloat("totalFare") %></td>


An error occurred at line: [21] in the jsp file: [/myReservations.jsp]
rs cannot be resolved
18:         <td><%= rs.getString("airline") %></td>
19:         <td><%= rs.getTime("departure") %></td>
20:         <td><%= rs.getTime("arrival") %></td>
21:         <td><%= rs.getString("seat") %></td>
22:         <td><%= rs.getString("class") %></td>
23:         <td>$<%= rs.getFloat("totalFare") %></td>
24:         <td>


An error occurred at line: [22] in the jsp file: [/myReservations.jsp]
rs cannot be resolved
19:         <td><%= rs.getTime("departure") %></td>
20:         <td><%= rs.getTime("arrival") %></td>
21:         <td><%= rs.getString("seat") %></td>
22:         <td><%= rs.getString("class") %></td>
23:         <td>$<%= rs.getFloat("totalFare") %></td>
24:         <td>
25:             <% if(rs.getString("class").equals("Business") || rs.getString("class").equals("First")) { %>


An error occurred at line: [23] in the jsp file: [/myReservations.jsp]
rs cannot be resolved
20:         <td><%= rs.getTime("arrival") %></td>
21:         <td><%= rs.getString("seat") %></td>
22:         <td><%= rs.getString("class") %></td>
23:         <td>$<%= rs.getFloat("totalFare") %></td>
24:         <td>
25:             <% if(rs.getString("class").equals("Business") || rs.getString("class").equals("First")) { %>
26:                 <a href="cancelReservation.jsp?ticketNum=<%= rs.getInt("ticketNum") %>">Cancel</a>


An error occurred at line: [25] in the jsp file: [/myReservations.jsp]
rs cannot be resolved
22:         <td><%= rs.getString("class") %></td>
23:         <td>$<%= rs.getFloat("totalFare") %></td>
24:         <td>
25:             <% if(rs.getString("class").equals("Business") || rs.getString("class").equals("First")) { %>
26:                 <a href="cancelReservation.jsp?ticketNum=<%= rs.getInt("ticketNum") %>">Cancel</a>
27:             <% } else { %>
28:                 Not Allowed


An error occurred at line: [25] in the jsp file: [/myReservations.jsp]
rs cannot be resolved
22:         <td><%= rs.getString("class") %></td>
23:         <td>$<%= rs.getFloat("totalFare") %></td>
24:         <td>
25:             <% if(rs.getString("class").equals("Business") || rs.getString("class").equals("First")) { %>
26:                 <a href="cancelReservation.jsp?ticketNum=<%= rs.getInt("ticketNum") %>">Cancel</a>
27:             <% } else { %>
28:                 Not Allowed


An error occurred at line: [26] in the jsp file: [/myReservations.jsp]
rs cannot be resolved
23:         <td>$<%= rs.getFloat("totalFare") %></td>
24:         <td>
25:             <% if(rs.getString("class").equals("Business") || rs.getString("class").equals("First")) { %>
26:                 <a href="cancelReservation.jsp?ticketNum=<%= rs.getInt("ticketNum") %>">Cancel</a>
27:             <% } else { %>
28:                 Not Allowed
29:             <% } %>


Stacktrace:
		at org.apache.jasper.compiler.DefaultErrorHandler.javacError(DefaultErrorHandler.java:72)
		at org.apache.jasper.compiler.ErrorDispatcher.javacError(ErrorDispatcher.java:192)
		at org.apache.jasper.compiler.JDTCompiler.generateClass(JDTCompiler.java:565)
		at org.apache.jasper.compiler.Compiler.compile(Compiler.java:372)
		at org.apache.jasper.compiler.Compiler.compile(Compiler.java:344)
		at org.apache.jasper.compiler.Compiler.compile(Compiler.java:330)
		at org.apache.jasper.JspCompilationContext.compile(JspCompilationContext.java:591)
		at org.apache.jasper.servlet.JspServletWrapper.service(JspServletWrapper.java:379)
		at org.apache.jasper.servlet.JspServlet.serviceJspFile(JspServlet.java:356)
		at org.apache.jasper.servlet.JspServlet.service(JspServlet.java:307)
		at javax.servlet.http.HttpServlet.service(HttpServlet.java:623)
		at org.apache.catalina.core.ApplicationFilterChain.internalDoFilter(ApplicationFilterChain.java:199)
		at org.apache.catalina.core.ApplicationFilterChain.doFilter(ApplicationFilterChain.java:144)
		at org.apache.tomcat.websocket.server.WsFilter.doFilter(WsFilter.java:51)
		at org.apache.catalina.core.ApplicationFilterChain.internalDoFilter(ApplicationFilterChain.java:168)
		at org.apache.catalina.core.ApplicationFilterChain.doFilter(ApplicationFilterChain.java:144)
		at org.apache.catalina.core.StandardWrapperValve.invoke(StandardWrapperValve.java:168)
		at org.apache.catalina.core.StandardContextValve.invoke(StandardContextValve.java:90)
		at org.apache.catalina.authenticator.AuthenticatorBase.invoke(AuthenticatorBase.java:482)
		at org.apache.catalina.core.StandardHostValve.invoke(StandardHostValve.java:130)
		at org.apache.catalina.valves.ErrorReportValve.invoke(ErrorReportValve.java:93)
		at org.apache.catalina.valves.AbstractAccessLogValve.invoke(AbstractAccessLogValve.java:656)
		at org.apache.catalina.core.StandardEngineValve.invoke(StandardEngineValve.java:74)
		at org.apache.catalina.connector.CoyoteAdapter.service(CoyoteAdapter.java:346)
		at org.apache.coyote.http11.Http11Processor.service(Http11Processor.java:397)
		at org.apache.coyote.AbstractProcessorLight.process(AbstractProcessorLight.java:63)
		at org.apache.coyote.AbstractProtocol$ConnectionHandler.process(AbstractProtocol.java:935)
		at org.apache.tomcat.util.net.NioEndpoint$SocketProcessor.doRun(NioEndpoint.java:1792)
		at org.apache.tomcat.util.net.SocketProcessorBase.run(SocketProcessorBase.java:52)
		at org.apache.tomcat.util.threads.ThreadPoolExecutor.runWorker(ThreadPoolExecutor.java:1189)
		at org.apache.tomcat.util.threads.ThreadPoolExecutor$Worker.run(ThreadPoolExecutor.java:658)
		at org.apache.tomcat.util.threads.TaskThread$WrappingRunnable.run(TaskThread.java:63)
		at java.base/java.lang.Thread.run(Thread.java:1623)
